[(18/12/2022 12:21:12 a. m.[(18/12/2022 12:21:12 a. m.[(18/12/2022 12:21:12 a. m.[(18/12/2022 12:21:17 a. m.[(18/12/2022 12:21:17 a. m.[(18/12/2022 12:21:18 a. m.[(18/12/2022 12:21:18 a. m.[(18/12/2022 12:21:18 a. m.[(18/12/2022 12:21:18 a. m.[(18/12/2022 12:21:18 a. m.[(18/12/2022 12:21:18 a. m.[(18/12/2022 12:21:18 a. m.[(18/12/2022 12:21:18 a. m.[(18/12/2022 12:21:18 a. m.[(18/12/2022 12:21:19 a. m.[(18/12/2022 12:21:19 a. m.[(18/12/2022 12:21:19 a. m.[(18/12/2022 12:21:19 a. m.[(18/12/2022 12:21:19 a. m.[(18/12/2022 12:21:19 a. m.[(18/12/2022 12:21:19 a. m.[(18/12/2022 12:21:20 a. m.[(18/12/2022 12:21:20 a. m.[(18/12/2022 12:21:20 a. m.[(18/12/2022 12:21:20 a. m.[(18/12/2022 12:21:49 a. m.[(18/12/2022 12:21:49 a. m.java.lang.IllegalStateException: Failed to execute CommandLineRunner
	at org.springframework.boot.SpringApplication.callRunner(SpringApplication.java:770)
	at org.springframework.boot.SpringApplication.callRunners(SpringApplication.java:751)
	at org.springframework.boot.SpringApplication.run(SpringApplication.java:315)
	at org.springframework.boot.SpringApplication.run(SpringApplication.java:1302)
	at org.springframework.boot.SpringApplication.run(SpringApplication.java:1291)
	at org.bedu.crp.Proyecto.ProyectoApplication.main(ProyectoApplication.java:10)
Caused by: org.springframework.dao.DataIntegrityViolationException: not-null property references a null or transient value : org.bedu.crp.Proyecto.model.Spectrum.name
	at org.springframework.orm.jpa.vendor.HibernateJpaDialect.convertHibernateAccessException(HibernateJpaDialect.java:287)
	at org.springframework.orm.jpa.vendor.HibernateJpaDialect.translateExceptionIfPossible(HibernateJpaDialect.java:233)
	at org.springframework.orm.jpa.AbstractEntityManagerFactoryBean.translateExceptionIfPossible(AbstractEntityManagerFactoryBean.java:550)
	at org.springframework.dao.support.ChainedPersistenceExceptionTranslator.translateExceptionIfPossible(ChainedPersistenceExceptionTranslator.java:61)
	at org.springframework.dao.support.DataAccessUtils.translateIfNecessary(DataAccessUtils.java:242)
	at org.springframework.dao.support.PersistenceExceptionTranslationInterceptor.invoke(PersistenceExceptionTranslationInterceptor.java:152)
	at org.springframework.aop.framework.ReflectiveMethodInvocation.proceed(ReflectiveMethodInvocation.java:184)
	at org.springframework.data.jpa.repository.support.CrudMethodMetadataPostProcessor$CrudMethodMetadataPopulatingMethodInterceptor.invoke(CrudMethodMetadataPostProcessor.java:163)
	at org.springframework.aop.framework.ReflectiveMethodInvocation.proceed(ReflectiveMethodInvocation.java:184)
	at org.springframework.aop.interceptor.ExposeInvocationInterceptor.invoke(ExposeInvocationInterceptor.java:97)
	at org.springframework.aop.framework.ReflectiveMethodInvocation.proceed(ReflectiveMethodInvocation.java:184)
	at org.springframework.aop.framework.JdkDynamicAopProxy.invoke(JdkDynamicAopProxy.java:218)
	at jdk.proxy2/jdk.proxy2.$Proxy99.save(Unknown Source)
	at org.bedu.crp.Proyecto.config.Seeder.run(Seeder.java:92)
	at org.springframework.boot.SpringApplication.callRunner(SpringApplication.java:767)
	... 5 common frames omitted
Caused by: org.hibernate.PropertyValueException: not-null property references a null or transient value : org.bedu.crp.Proyecto.model.Spectrum.name
	at org.hibernate.engine.internal.Nullability.checkNullability(Nullability.java:111)
	at org.hibernate.engine.internal.Nullability.checkNullability(Nullability.java:55)
	at org.hibernate.action.internal.AbstractEntityInsertAction.nullifyTransientReferencesIfNotAlready(AbstractEntityInsertAction.java:119)
	at org.hibernate.action.internal.EntityIdentityInsertAction.execute(EntityIdentityInsertAction.java:68)
	at org.hibernate.engine.spi.ActionQueue.execute(ActionQueue.java:653)
	at org.hibernate.engine.spi.ActionQueue.addResolvedEntityInsertAction(ActionQueue.java:283)
	at org.hibernate.engine.spi.ActionQueue.addInsertAction(ActionQueue.java:264)
	at org.hibernate.engine.spi.ActionQueue.addAction(ActionQueue.java:322)
	at org.hibernate.event.internal.AbstractSaveEventListener.addInsertAction(AbstractSaveEventListener.java:340)
	at org.hibernate.event.internal.AbstractSaveEventListener.performSaveOrReplicate(AbstractSaveEventListener.java:286)
	at org.hibernate.event.internal.AbstractSaveEventListener.performSave(AbstractSaveEventListener.java:192)
	at org.hibernate.event.internal.AbstractSaveEventListener.saveWithGeneratedId(AbstractSaveEventListener.java:122)
	at org.hibernate.event.internal.DefaultPersistEventListener.entityIsTransient(DefaultPersistEventListener.java:184)
	at org.hibernate.event.internal.DefaultPersistEventListener.onPersist(DefaultPersistEventListener.java:129)
	at org.hibernate.event.internal.DefaultPersistEventListener.onPersist(DefaultPersistEventListener.java:53)
	at org.hibernate.event.service.internal.EventListenerGroupImpl.fireEventOnEachListener(EventListenerGroupImpl.java:107)
	at org.hibernate.internal.SessionImpl.firePersist(SessionImpl.java:735)
	at org.hibernate.internal.SessionImpl.persist(SessionImpl.java:719)
	at java.base/jdk.internal.reflect.DirectMethodHandleAccessor.invoke(DirectMethodHandleAccessor.java:104)
	at java.base/java.lang.reflect.Method.invoke(Method.java:578)
	at org.springframework.orm.jpa.SharedEntityManagerCreator$SharedEntityManagerInvocationHandler.invoke(SharedEntityManagerCreator.java:307)
	at jdk.proxy2/jdk.proxy2.$Proxy95.persist(Unknown Source)
	at org.springframework.data.jpa.repository.support.SimpleJpaRepository.save(SimpleJpaRepository.java:610)
	at java.base/jdk.internal.reflect.DirectMethodHandleAccessor.invoke(DirectMethodHandleAccessor.java:104)
	at java.base/java.lang.reflect.Method.invoke(Method.java:578)
	at org.springframework.data.repository.core.support.RepositoryMethodInvoker$RepositoryFragmentMethodInvoker.lambda$new$0(RepositoryMethodInvoker.java:288)
	at org.springframework.data.repository.core.support.RepositoryMethodInvoker.doInvoke(RepositoryMethodInvoker.java:136)
	at org.springframework.data.repository.core.support.RepositoryMethodInvoker.invoke(RepositoryMethodInvoker.java:120)
	at org.springframework.data.repository.core.support.RepositoryComposition$RepositoryFragments.invoke(RepositoryComposition.java:516)
	at org.springframework.data.repository.core.support.RepositoryComposition.invoke(RepositoryComposition.java:285)
	at org.springframework.data.repository.core.support.RepositoryFactorySupport$ImplementationMethodExecutionInterceptor.invoke(RepositoryFactorySupport.java:628)
	at org.springframework.aop.framework.ReflectiveMethodInvocation.proceed(ReflectiveMethodInvocation.java:184)
	at org.springframework.data.repository.core.support.QueryExecutorMethodInterceptor.doInvoke(QueryExecutorMethodInterceptor.java:168)
	at org.springframework.data.repository.core.support.QueryExecutorMethodInterceptor.invoke(QueryExecutorMethodInterceptor.java:143)
	at org.springframework.aop.framework.ReflectiveMethodInvocation.proceed(ReflectiveMethodInvocation.java:184)
	at org.springframework.data.projection.DefaultMethodInvokingMethodInterceptor.invoke(DefaultMethodInvokingMethodInterceptor.java:77)
	at org.springframework.aop.framework.ReflectiveMethodInvocation.proceed(ReflectiveMethodInvocation.java:184)
	at org.springframework.transaction.interceptor.TransactionInterceptor$1.proceedWithInvocation(TransactionInterceptor.java:123)
	at org.springframework.transaction.interceptor.TransactionAspectSupport.invokeWithinTransaction(TransactionAspectSupport.java:388)
	at org.springframework.transaction.interceptor.TransactionInterceptor.invoke(TransactionInterceptor.java:119)
	at org.springframework.aop.framework.ReflectiveMethodInvocation.proceed(ReflectiveMethodInvocation.java:184)
	at org.springframework.dao.support.PersistenceExceptionTranslationInterceptor.invoke(PersistenceExceptionTranslationInterceptor.java:137)
	... 14 common frames omitted
[(18/12/2022 12:21:49 a. m.[(18/12/2022 12:21:49 a. m.[(18/12/2022 12:21:49 a. m.[(18/12/2022 12:22:43 a. m.[(18/12/2022 12:22:43 a. m.[(18/12/2022 12:22:43 a. m.[(18/12/2022 12:22:43 a. m.[(18/12/2022 12:22:44 a. m.[(18/12/2022 12:22:44 a. m.[(18/12/2022 12:22:44 a. m.[(18/12/2022 12:22:44 a. m.[(18/12/2022 12:22:44 a. m.[(18/12/2022 12:22:44 a. m.[(18/12/2022 12:22:44 a. m.[(18/12/2022 12:22:44 a. m.[(18/12/2022 12:22:44 a. m.[(18/12/2022 12:22:44 a. m.[(18/12/2022 12:22:44 a. m.[(18/12/2022 12:22:44 a. m.[(18/12/2022 12:22:45 a. m.[(18/12/2022 12:22:45 a. m.[(18/12/2022 12:22:45 a. m.[(18/12/2022 12:22:45 a. m.[(18/12/2022 12:22:45 a. m.[(18/12/2022 12:22:45 a. m.[(18/12/2022 12:26:04 a. m.[(18/12/2022 12:26:04 a. m.[(18/12/2022 12:26:04 a. m.[(18/12/2022 12:26:08 a. m.[(18/12/2022 12:26:08 a. m.[(18/12/2022 12:26:09 a. m.[(18/12/2022 12:26:09 a. m.[(18/12/2022 12:26:09 a. m.[(18/12/2022 12:26:09 a. m.[(18/12/2022 12:26:09 a. m.[(18/12/2022 12:26:09 a. m.[(18/12/2022 12:26:09 a. m.[(18/12/2022 12:26:09 a. m.[(18/12/2022 12:26:10 a. m.[(18/12/2022 12:26:10 a. m.[(18/12/2022 12:26:10 a. m.[(18/12/2022 12:26:10 a. m.[(18/12/2022 12:26:10 a. m.[(18/12/2022 12:26:10 a. m.[(18/12/2022 12:26:11 a. m.[(18/12/2022 12:26:11 a. m.[(18/12/2022 12:26:11 a. m.[(18/12/2022 12:26:11 a. m.[(18/12/2022 12:26:11 a. m.[(18/12/2022 12:26:11 a. m.[(18/12/2022 12:26:21 a. m.[(18/12/2022 12:26:21 a. m.java.lang.IllegalStateException: Failed to execute CommandLineRunner
	at org.springframework.boot.SpringApplication.callRunner(SpringApplication.java:770)
	at org.springframework.boot.SpringApplication.callRunners(SpringApplication.java:751)
	at org.springframework.boot.SpringApplication.run(SpringApplication.java:315)
	at org.springframework.boot.SpringApplication.run(SpringApplication.java:1302)
	at org.springframework.boot.SpringApplication.run(SpringApplication.java:1291)
	at org.bedu.crp.Proyecto.ProyectoApplication.main(ProyectoApplication.java:10)
Caused by: org.springframework.dao.DataIntegrityViolationException: not-null property references a null or transient value : org.bedu.crp.Proyecto.model.Spectrum.country
	at org.springframework.orm.jpa.vendor.HibernateJpaDialect.convertHibernateAccessException(HibernateJpaDialect.java:287)
	at org.springframework.orm.jpa.vendor.HibernateJpaDialect.translateExceptionIfPossible(HibernateJpaDialect.java:233)
	at org.springframework.orm.jpa.AbstractEntityManagerFactoryBean.translateExceptionIfPossible(AbstractEntityManagerFactoryBean.java:550)
	at org.springframework.dao.support.ChainedPersistenceExceptionTranslator.translateExceptionIfPossible(ChainedPersistenceExceptionTranslator.java:61)
	at org.springframework.dao.support.DataAccessUtils.translateIfNecessary(DataAccessUtils.java:242)
	at org.springframework.dao.support.PersistenceExceptionTranslationInterceptor.invoke(PersistenceExceptionTranslationInterceptor.java:152)
	at org.springframework.aop.framework.ReflectiveMethodInvocation.proceed(ReflectiveMethodInvocation.java:184)
	at org.springframework.data.jpa.repository.support.CrudMethodMetadataPostProcessor$CrudMethodMetadataPopulatingMethodInterceptor.invoke(CrudMethodMetadataPostProcessor.java:163)
	at org.springframework.aop.framework.ReflectiveMethodInvocation.proceed(ReflectiveMethodInvocation.java:184)
	at org.springframework.aop.interceptor.ExposeInvocationInterceptor.invoke(ExposeInvocationInterceptor.java:97)
	at org.springframework.aop.framework.ReflectiveMethodInvocation.proceed(ReflectiveMethodInvocation.java:184)
	at org.springframework.aop.framework.JdkDynamicAopProxy.invoke(JdkDynamicAopProxy.java:218)
	at jdk.proxy2/jdk.proxy2.$Proxy99.save(Unknown Source)
	at org.bedu.crp.Proyecto.config.Seeder.run(Seeder.java:94)
	at org.springframework.boot.SpringApplication.callRunner(SpringApplication.java:767)
	... 5 common frames omitted
Caused by: org.hibernate.PropertyValueException: not-null property references a null or transient value : org.bedu.crp.Proyecto.model.Spectrum.country
	at org.hibernate.engine.internal.Nullability.checkNullability(Nullability.java:111)
	at org.hibernate.engine.internal.Nullability.checkNullability(Nullability.java:55)
	at org.hibernate.action.internal.AbstractEntityInsertAction.nullifyTransientReferencesIfNotAlready(AbstractEntityInsertAction.java:119)
	at org.hibernate.action.internal.EntityIdentityInsertAction.execute(EntityIdentityInsertAction.java:68)
	at org.hibernate.engine.spi.ActionQueue.execute(ActionQueue.java:653)
	at org.hibernate.engine.spi.ActionQueue.addResolvedEntityInsertAction(ActionQueue.java:283)
	at org.hibernate.engine.spi.ActionQueue.addInsertAction(ActionQueue.java:264)
	at org.hibernate.engine.spi.ActionQueue.addAction(ActionQueue.java:322)
	at org.hibernate.event.internal.AbstractSaveEventListener.addInsertAction(AbstractSaveEventListener.java:340)
	at org.hibernate.event.internal.AbstractSaveEventListener.performSaveOrReplicate(AbstractSaveEventListener.java:286)
	at org.hibernate.event.internal.AbstractSaveEventListener.performSave(AbstractSaveEventListener.java:192)
	at org.hibernate.event.internal.AbstractSaveEventListener.saveWithGeneratedId(AbstractSaveEventListener.java:122)
	at org.hibernate.event.internal.DefaultPersistEventListener.entityIsTransient(DefaultPersistEventListener.java:184)
	at org.hibernate.event.internal.DefaultPersistEventListener.onPersist(DefaultPersistEventListener.java:129)
	at org.hibernate.event.internal.DefaultPersistEventListener.onPersist(DefaultPersistEventListener.java:53)
	at org.hibernate.event.service.internal.EventListenerGroupImpl.fireEventOnEachListener(EventListenerGroupImpl.java:107)
	at org.hibernate.internal.SessionImpl.firePersist(SessionImpl.java:735)
	at org.hibernate.internal.SessionImpl.persist(SessionImpl.java:719)
	at java.base/jdk.internal.reflect.DirectMethodHandleAccessor.invoke(DirectMethodHandleAccessor.java:104)
	at java.base/java.lang.reflect.Method.invoke(Method.java:578)
	at org.springframework.orm.jpa.SharedEntityManagerCreator$SharedEntityManagerInvocationHandler.invoke(SharedEntityManagerCreator.java:307)
	at jdk.proxy2/jdk.proxy2.$Proxy95.persist(Unknown Source)
	at org.springframework.data.jpa.repository.support.SimpleJpaRepository.save(SimpleJpaRepository.java:610)
	at java.base/jdk.internal.reflect.DirectMethodHandleAccessor.invoke(DirectMethodHandleAccessor.java:104)
	at java.base/java.lang.reflect.Method.invoke(Method.java:578)
	at org.springframework.data.repository.core.support.RepositoryMethodInvoker$RepositoryFragmentMethodInvoker.lambda$new$0(RepositoryMethodInvoker.java:288)
	at org.springframework.data.repository.core.support.RepositoryMethodInvoker.doInvoke(RepositoryMethodInvoker.java:136)
	at org.springframework.data.repository.core.support.RepositoryMethodInvoker.invoke(RepositoryMethodInvoker.java:120)
	at org.springframework.data.repository.core.support.RepositoryComposition$RepositoryFragments.invoke(RepositoryComposition.java:516)
	at org.springframework.data.repository.core.support.RepositoryComposition.invoke(RepositoryComposition.java:285)
	at org.springframework.data.repository.core.support.RepositoryFactorySupport$ImplementationMethodExecutionInterceptor.invoke(RepositoryFactorySupport.java:628)
	at org.springframework.aop.framework.ReflectiveMethodInvocation.proceed(ReflectiveMethodInvocation.java:184)
	at org.springframework.data.repository.core.support.QueryExecutorMethodInterceptor.doInvoke(QueryExecutorMethodInterceptor.java:168)
	at org.springframework.data.repository.core.support.QueryExecutorMethodInterceptor.invoke(QueryExecutorMethodInterceptor.java:143)
	at org.springframework.aop.framework.ReflectiveMethodInvocation.proceed(ReflectiveMethodInvocation.java:184)
	at org.springframework.data.projection.DefaultMethodInvokingMethodInterceptor.invoke(DefaultMethodInvokingMethodInterceptor.java:77)
	at org.springframework.aop.framework.ReflectiveMethodInvocation.proceed(ReflectiveMethodInvocation.java:184)
	at org.springframework.transaction.interceptor.TransactionInterceptor$1.proceedWithInvocation(TransactionInterceptor.java:123)
	at org.springframework.transaction.interceptor.TransactionAspectSupport.invokeWithinTransaction(TransactionAspectSupport.java:388)
	at org.springframework.transaction.interceptor.TransactionInterceptor.invoke(TransactionInterceptor.java:119)
	at org.springframework.aop.framework.ReflectiveMethodInvocation.proceed(ReflectiveMethodInvocation.java:184)
	at org.springframework.dao.support.PersistenceExceptionTranslationInterceptor.invoke(PersistenceExceptionTranslationInterceptor.java:137)
	... 14 common frames omitted
[(18/12/2022 12:26:21 a. m.[(18/12/2022 12:26:21 a. m.[(18/12/2022 12:26:21 a. m.[(18/12/2022 12:28:15 a. m.[(18/12/2022 12:28:15 a. m.[(18/12/2022 12:28:16 a. m.[(18/12/2022 12:28:16 a. m.[(18/12/2022 12:28:16 a. m.[(18/12/2022 12:28:16 a. m.[(18/12/2022 12:28:16 a. m.[(18/12/2022 12:28:16 a. m.[(18/12/2022 12:28:16 a. m.[(18/12/2022 12:28:16 a. m.[(18/12/2022 12:28:16 a. m.[(18/12/2022 12:28:16 a. m.[(18/12/2022 12:28:16 a. m.[(18/12/2022 12:28:17 a. m.[(18/12/2022 12:28:17 a. m.[(18/12/2022 12:28:17 a. m.[(18/12/2022 12:28:17 a. m.[(18/12/2022 12:28:17 a. m.[(18/12/2022 12:28:17 a. m.[(18/12/2022 12:28:18 a. m.[(18/12/2022 12:28:18 a. m.[(18/12/2022 12:28:18 a. m.[(18/12/2022 12:43:43 a. m.[(18/12/2022 12:43:43 a. m.[(18/12/2022 12:43:43 a. m.